SOLUTION_RAW                 1 AGUA DE MAR 
  -temp                      25
  -pressure                  1
  -total_h                   111.0146921396
  -total_o                   55.630540040314
  -cb                        0.0007921397421919
  -density                   1.0332893355317
  -totals
    C(4)                     0.0021804022198799
    Ca                       0.010660949433974
    Cl                       0.56572525576263
    Fe(2)                    5.3317269508862e-19
    Fe(3)                    3.7114226053826e-08
    K                        0.010577743166832
    Mg                       0.05506616790266
    Mn(2)                    3.7728315236408e-09
    N(-3)                    1.723559499125e-06
    N(5)                     4.847486071877e-06
    Na                       0.48541156053348
    O(0)                     0.00043770164444814
    S(6)                     0.029258370206334
    Si                       7.3823226873903e-05
    U(4)                     1.0251001871522e-21
    U(5)                     1.6038584845421e-18
    U(6)                     1.4367934162112e-08
  -pH                        8.22
  -pe                        8.451
  -mu                        0.67492926307723
  -ah2o                      0.98055268469921
  -mass_water                1
  -soln_vol                  1.0029657306389
  -total_alkalinity          0.0024063519252741
  -activities
    Alkalinity               -5.0981791923317
    C(4)                     -5.0981791923317
    Ca                       -2.6238367150731
    Cl                       -0.45274883821876
    E                        -8.451
    Fe(2)                    -18.939742209527
    Fe(3)                    -19.553567398849
    H(0)                     -44.402349621356
    K                        -2.1876903004259
    Mg                       -1.8636126892763
    Mn(2)                    -9.2315960635701
    Mn(3)                    -26.29059606357
    Mn(6)                    -28.14171233118
    Mn(7)                    -29.07471233118
    N(-3)                    -5.9296582129389
    N(5)                     -5.441242664794
    Na                       -0.47042530866471
    O(0)                     -3.5923588910927
    S(6)                     -2.5746099088404
    Si                       -4.0806261877791
    U(3)                     -62.496292265723
    U(4)                     -49.026416922116
    U(5)                     -17.921599712314
    U(6)                     -16.032724383465
  -gammas
USE mix none
USE reaction none
USE reaction_temperature none
USE reaction_pressure none
